[18:06:29.318] Global cache location '/home/xzhu/.cache/typescript/4.7', safe file path '/home/xzhu/.emacs.d/.local/etc/lsp/npm/typescript/lib/node_modules/typescript/lib/typingSafeList.json', types map path /home/xzhu/.emacs.d/.local/etc/lsp/npm/typescript/lib/node_modules/typescript/lib/typesMap.json
[18:06:29.319] Processing cache location '/home/xzhu/.cache/typescript/4.7'
[18:06:29.319] Trying to find '/home/xzhu/.cache/typescript/4.7/package.json'...
[18:06:29.319] Loaded content of '/home/xzhu/.cache/typescript/4.7/package.json': {"private":true,"dependencies":{"types-registry":"^0.1.606"},"devDependencies":{"@types/chroma-js":"^2.1.4","@types/three":"^0.143.1"}}
[18:06:29.320] Loaded content of '/home/xzhu/.cache/typescript/4.7/package-lock.json'
[18:06:29.329] Adding entry into typings cache: 'chroma-js' => '/home/xzhu/.cache/typescript/4.7/node_modules/@types/chroma-js/index.d.ts'
[18:06:29.331] Adding entry into typings cache: 'three' => '/home/xzhu/.cache/typescript/4.7/node_modules/@types/three/index.d.ts'
[18:06:29.331] Finished processing cache location '/home/xzhu/.cache/typescript/4.7'
[18:06:29.331] Process id: 289647
[18:06:29.332] NPM location: /usr/bin/npm (explicit '--npmLocation' not  provided)
[18:06:29.332] validateDefaultNpmLocation: false
[18:06:29.332] Npm config file: /home/xzhu/.cache/typescript/4.7/package.json
[18:06:29.332] Updating types-registry npm package...
[18:06:29.332] Exec: /usr/bin/npm install --ignore-scripts types-registry@latest
[18:06:29.970]     Succeeded. stdout:
    
    changed 1 package, and audited 5 packages in 431ms

found 0 vulnerabilities

[18:06:29.970] Updated types-registry npm package
[18:06:30.417] Got install request {"projectName":"/dev/null/inferredProject1*","fileNames":["/home/xzhu/.emacs.d/.local/etc/lsp/npm/typescript/lib/node_modules/typescript/lib/lib.es5.d.ts","/home/xzhu/.emacs.d/.local/etc/lsp/npm/typescript/lib/node_modules/typescript/lib/lib.es2015.d.ts","/home/xzhu/.emacs.d/.local/etc/lsp/npm/typescript/lib/node_modules/typescript/lib/lib.es2016.d.ts","/home/xzhu/.emacs.d/.local/etc/lsp/npm/typescript/lib/node_modules/typescript/lib/lib.dom.d.ts","/home/xzhu/.emacs.d/.local/etc/lsp/npm/typescript/lib/node_modules/typescript/lib/lib.dom.iterable.d.ts","/home/xzhu/.emacs.d/.local/etc/lsp/npm/typescript/lib/node_modules/typescript/lib/lib.webworker.importscripts.d.ts","/home/xzhu/.emacs.d/.local/etc/lsp/npm/typescript/lib/node_modules/typescript/lib/lib.scripthost.d.ts","/home/xzhu/.emacs.d/.local/etc/lsp/npm/typescript/lib/node_modules/typescript/lib/lib.es2015.core.d.ts","/home/xzhu/.emacs.d/.local/etc/lsp/npm/typescript/lib/node_modules/typescript/lib/lib.es2015.collection.d.ts","/home/xzhu/.emacs.d/.local/etc/lsp/npm/typescript/lib/node_modules/typescript/lib/lib.es2015.generator.d.ts","/home/xzhu/.emacs.d/.local/etc/lsp/npm/typescript/lib/node_modules/typescript/lib/lib.es2015.iterable.d.ts","/home/xzhu/.emacs.d/.local/etc/lsp/npm/typescript/lib/node_modules/typescript/lib/lib.es2015.promise.d.ts","/home/xzhu/.emacs.d/.local/etc/lsp/npm/typescript/lib/node_modules/typescript/lib/lib.es2015.proxy.d.ts","/home/xzhu/.emacs.d/.local/etc/lsp/npm/typescript/lib/node_modules/typescript/lib/lib.es2015.reflect.d.ts","/home/xzhu/.emacs.d/.local/etc/lsp/npm/typescript/lib/node_modules/typescript/lib/lib.es2015.symbol.d.ts","/home/xzhu/.emacs.d/.local/etc/lsp/npm/typescript/lib/node_modules/typescript/lib/lib.es2015.symbol.wellknown.d.ts","/home/xzhu/.emacs.d/.local/etc/lsp/npm/typescript/lib/node_modules/typescript/lib/lib.es2016.array.include.d.ts","/home/xzhu/.emacs.d/.local/etc/lsp/npm/typescript/lib/node_modules/typescript/lib/lib.es2016.full.d.ts","/home/xzhu/projects/divia/web_app/public_src/inlined.js"],"compilerOptions":{"module":1,"target":3,"jsx":1,"allowJs":true,"allowSyntheticDefaultImports":true,"allowNonTsExtensions":true,"noEmitForJsFiles":true,"maxNodeModuleJsDepth":2},"typeAcquisition":{"enable":true,"include":[],"exclude":[]},"unresolvedImports":[],"projectRootPath":"/home/xzhu/projects/divia/web_app/public_src","kind":"discover"}
[18:06:30.427] Loaded safelist from types map file '/home/xzhu/.emacs.d/.local/etc/lsp/npm/typescript/lib/node_modules/typescript/lib/typesMap.json'
[18:06:30.428] Explicitly included types: []
[18:06:30.428] Inferred typings from unresolved imports: []
[18:06:30.428] Result: {"cachedTypingPaths":[],"newTypingNames":[],"filesToWatch":["/home/xzhu/projects/divia/web_app/public_src/bower_components","/home/xzhu/projects/divia/web_app/public_src/node_modules"]}
[18:06:30.428] Finished typings discovery: {"cachedTypingPaths":[],"newTypingNames":[],"filesToWatch":["/home/xzhu/projects/divia/web_app/public_src/bower_components","/home/xzhu/projects/divia/web_app/public_src/node_modules"]}
[18:06:30.428] DirectoryWatcher:: Added:: WatchInfo: /home/xzhu/projects/divia/web_app/public_src/bower_components
[18:06:30.429] DirectoryWatcher:: Added:: WatchInfo: /home/xzhu/projects/divia/web_app/public_src/bower_components 1 undefined Project: /dev/null/inferredProject1* watcher already invoked: false
[18:06:30.430] Elapsed:: 1.0333980023860931ms DirectoryWatcher:: Added:: WatchInfo: /home/xzhu/projects/divia/web_app/public_src/bower_components 1 undefined Project: /dev/null/inferredProject1* watcher already invoked: false
[18:06:30.430] DirectoryWatcher:: Added:: WatchInfo: /home/xzhu/projects/divia/web_app/public_src/node_modules
[18:06:30.430] DirectoryWatcher:: Added:: WatchInfo: /home/xzhu/projects/divia/web_app/public_src/node_modules 1 undefined Project: /dev/null/inferredProject1* watcher already invoked: false
[18:06:30.430] Elapsed:: 0.06374900043010712ms DirectoryWatcher:: Added:: WatchInfo: /home/xzhu/projects/divia/web_app/public_src/node_modules 1 undefined Project: /dev/null/inferredProject1* watcher already invoked: false
[18:06:30.430] Sending response:
    {"projectName":"/dev/null/inferredProject1*","typeAcquisition":{"enable":true,"include":[],"exclude":[]},"compilerOptions":{"module":1,"target":3,"jsx":1,"allowJs":true,"allowSyntheticDefaultImports":true,"allowNonTsExtensions":true,"noEmitForJsFiles":true,"maxNodeModuleJsDepth":2},"typings":[],"unresolvedImports":[],"kind":"action::set"}
[18:06:30.431] Response has been sent.
[18:06:30.431] No new typings were requested as a result of typings discovery
[18:09:28.564] Got install request {"projectName":"/dev/null/inferredProject2*","fileNames":["/home/xzhu/.emacs.d/.local/etc/lsp/npm/typescript/lib/node_modules/typescript/lib/lib.es5.d.ts","/home/xzhu/.emacs.d/.local/etc/lsp/npm/typescript/lib/node_modules/typescript/lib/lib.es2015.d.ts","/home/xzhu/.emacs.d/.local/etc/lsp/npm/typescript/lib/node_modules/typescript/lib/lib.es2016.d.ts","/home/xzhu/.emacs.d/.local/etc/lsp/npm/typescript/lib/node_modules/typescript/lib/lib.dom.d.ts","/home/xzhu/.emacs.d/.local/etc/lsp/npm/typescript/lib/node_modules/typescript/lib/lib.dom.iterable.d.ts","/home/xzhu/.emacs.d/.local/etc/lsp/npm/typescript/lib/node_modules/typescript/lib/lib.webworker.importscripts.d.ts","/home/xzhu/.emacs.d/.local/etc/lsp/npm/typescript/lib/node_modules/typescript/lib/lib.scripthost.d.ts","/home/xzhu/.emacs.d/.local/etc/lsp/npm/typescript/lib/node_modules/typescript/lib/lib.es2015.core.d.ts","/home/xzhu/.emacs.d/.local/etc/lsp/npm/typescript/lib/node_modules/typescript/lib/lib.es2015.collection.d.ts","/home/xzhu/.emacs.d/.local/etc/lsp/npm/typescript/lib/node_modules/typescript/lib/lib.es2015.generator.d.ts","/home/xzhu/.emacs.d/.local/etc/lsp/npm/typescript/lib/node_modules/typescript/lib/lib.es2015.iterable.d.ts","/home/xzhu/.emacs.d/.local/etc/lsp/npm/typescript/lib/node_modules/typescript/lib/lib.es2015.promise.d.ts","/home/xzhu/.emacs.d/.local/etc/lsp/npm/typescript/lib/node_modules/typescript/lib/lib.es2015.proxy.d.ts","/home/xzhu/.emacs.d/.local/etc/lsp/npm/typescript/lib/node_modules/typescript/lib/lib.es2015.reflect.d.ts","/home/xzhu/.emacs.d/.local/etc/lsp/npm/typescript/lib/node_modules/typescript/lib/lib.es2015.symbol.d.ts","/home/xzhu/.emacs.d/.local/etc/lsp/npm/typescript/lib/node_modules/typescript/lib/lib.es2015.symbol.wellknown.d.ts","/home/xzhu/.emacs.d/.local/etc/lsp/npm/typescript/lib/node_modules/typescript/lib/lib.es2016.array.include.d.ts","/home/xzhu/.emacs.d/.local/etc/lsp/npm/typescript/lib/node_modules/typescript/lib/lib.es2016.full.d.ts","/home/xzhu/projects/divia/web_app/public_dev/js/main.js"],"compilerOptions":{"module":1,"target":3,"jsx":1,"allowJs":true,"allowSyntheticDefaultImports":true,"allowNonTsExtensions":true,"noEmitForJsFiles":true,"maxNodeModuleJsDepth":2},"typeAcquisition":{"enable":true,"include":[],"exclude":[]},"unresolvedImports":[],"projectRootPath":"/home/xzhu/projects/divia/web_app/public_dev/js","kind":"discover"}
[18:09:28.565] Explicitly included types: []
[18:09:28.565] Inferred typings from unresolved imports: []
[18:09:28.565] Result: {"cachedTypingPaths":[],"newTypingNames":[],"filesToWatch":["/home/xzhu/projects/divia/web_app/public_dev/js/bower_components","/home/xzhu/projects/divia/web_app/public_dev/js/node_modules"]}
[18:09:28.565] Finished typings discovery: {"cachedTypingPaths":[],"newTypingNames":[],"filesToWatch":["/home/xzhu/projects/divia/web_app/public_dev/js/bower_components","/home/xzhu/projects/divia/web_app/public_dev/js/node_modules"]}
[18:09:28.565] DirectoryWatcher:: Added:: WatchInfo: /home/xzhu/projects/divia/web_app/public_dev/js/bower_components
[18:09:28.565] DirectoryWatcher:: Added:: WatchInfo: /home/xzhu/projects/divia/web_app/public_dev/js/bower_components 1 undefined Project: /dev/null/inferredProject2* watcher already invoked: false
[18:09:28.566] Elapsed:: 0.1609320044517517ms DirectoryWatcher:: Added:: WatchInfo: /home/xzhu/projects/divia/web_app/public_dev/js/bower_components 1 undefined Project: /dev/null/inferredProject2* watcher already invoked: false
[18:09:28.566] DirectoryWatcher:: Added:: WatchInfo: /home/xzhu/projects/divia/web_app/public_dev/js/node_modules
[18:09:28.566] DirectoryWatcher:: Added:: WatchInfo: /home/xzhu/projects/divia/web_app/public_dev/js/node_modules 1 undefined Project: /dev/null/inferredProject2* watcher already invoked: false
[18:09:28.566] Elapsed:: 0.09563899040222168ms DirectoryWatcher:: Added:: WatchInfo: /home/xzhu/projects/divia/web_app/public_dev/js/node_modules 1 undefined Project: /dev/null/inferredProject2* watcher already invoked: false
[18:09:28.566] Sending response:
    {"projectName":"/dev/null/inferredProject2*","typeAcquisition":{"enable":true,"include":[],"exclude":[]},"compilerOptions":{"module":1,"target":3,"jsx":1,"allowJs":true,"allowSyntheticDefaultImports":true,"allowNonTsExtensions":true,"noEmitForJsFiles":true,"maxNodeModuleJsDepth":2},"typings":[],"unresolvedImports":[],"kind":"action::set"}
[18:09:28.566] Response has been sent.
[18:09:28.566] No new typings were requested as a result of typings discovery
